[debug] ----------------------------------------------------------------------
[debug] Command:      C:\Program Files\nodejs\node.exe C:\Users\DATNGUYEN\AppData\Roaming\npm\node_modules\firebase-tools\bin\firebase serve
[debug] CLI Version:  3.0.4
[debug] Platform:     win32
[debug] Node Version: v4.4.7
[debug] Time:         Thu Jul 28 2016 15:29:04 GMT+0700 (SE Asia Standard Time)
[debug] ----------------------------------------------------------------------
[debug] 
[info] Starting Firebase development server...
[info] 
[warn] !  No Firebase project directory detected. Serving static content from D:\Projects\todo
[info] 
[info] Server listening at: http://localhost:5000
[debug] ----------------------------------------------------------------------
[debug] Command:      C:\Program Files\nodejs\node.exe C:\Users\DATNGUYEN\AppData\Roaming\npm\node_modules\firebase-tools\bin\firebase serve
[debug] CLI Version:  3.0.4
[debug] Platform:     win32
[debug] Node Version: v4.4.7
[debug] Time:         Thu Jul 28 2016 17:31:42 GMT+0700 (SE Asia Standard Time)
[debug] ----------------------------------------------------------------------
[debug] 
[info] Starting Firebase development server...
[info] 
[warn] !  No Firebase project directory detected. Serving static content from D:\Projects\todo
[info] 
[info] Server listening at: http://localhost:5000
